# JRE version: OpenJDK Runtime Environment (8.0_242-b01) (build 1.8.0_242-release-1644-b01)
# Java VM: OpenJDK 64-Bit Server VM (25.242-b01 mixed mode windows-amd64 compressed oops)
Heap:
 PSYoungGen      total 609280K, used 434731K [0x00000000d5580000, 0x00000000ff580000, 0x0000000100000000)
  eden space 534528K, 76% used [0x00000000d5580000,0x00000000ee6dd810,0x00000000f5f80000)
  from space 74752K, 31% used [0x00000000fac80000,0x00000000fc3ad630,0x00000000ff580000)
  to   space 76800K, 0% used [0x00000000f5f80000,0x00000000f5f80000,0x00000000faa80000)
 ParOldGen       total 377856K, used 288434K [0x0000000080000000, 0x0000000097100000, 0x00000000d5580000)
  object space 377856K, 76% used [0x0000000080000000,0x00000000919ac9b8,0x0000000097100000)
 Metaspace       used 99885K, capacity 105214K, committed 105512K, reserved 1140736K
  class space    used 13186K, capacity 14287K, committed 14384K, reserved 1048576K
GC Heap History (10 events):
Event: 155.806 GC heap before
{Heap before GC invocations=22 (full 4):
 PSYoungGen      total 476672K, used 450716K [0x00000000d5580000, 0x00000000fcf80000, 0x0000000100000000)
  eden space 392704K, 100% used [0x00000000d5580000,0x00000000ed500000,0x00000000ed500000)
  from space 83968K, 69% used [0x00000000ed500000,0x00000000f0da7378,0x00000000f2700000)
  to   space 89088K, 0% used [0x00000000f7880000,0x00000000f7880000,0x00000000fcf80000)
 ParOldGen       total 377856K, used 205819K [0x0000000080000000, 0x0000000097100000, 0x00000000d5580000)
  object space 377856K, 54% used [0x0000000080000000,0x000000008c8feda0,0x0000000097100000)
 Metaspace       used 99176K, capacity 104404K, committed 104616K, reserved 1140736K
  class space    used 13118K, capacity 14182K, committed 14256K, reserved 1048576K
Event: 155.965 GC heap after
Heap after GC invocations=22 (full 4):
 PSYoungGen      total 562176K, used 43716K [0x00000000d5580000, 0x00000000fd980000, 0x0000000100000000)
  eden space 473088K, 0% used [0x00000000d5580000,0x00000000d5580000,0x00000000f2380000)
  from space 89088K, 49% used [0x00000000f7880000,0x00000000fa3312a8,0x00000000fcf80000)
  to   space 87040K, 0% used [0x00000000f2380000,0x00000000f2380000,0x00000000f7880000)
 ParOldGen       total 377856K, used 228285K [0x0000000080000000, 0x0000000097100000, 0x00000000d5580000)
  object space 377856K, 60% used [0x0000000080000000,0x000000008deef428,0x0000000097100000)
 Metaspace       used 99176K, capacity 104404K, committed 104616K, reserved 1140736K
  class space    used 13118K, capacity 14182K, committed 14256K, reserved 1048576K
}
Event: 159.260 GC heap before
{Heap before GC invocations=23 (full 4):
 PSYoungGen      total 562176K, used 516804K [0x00000000d5580000, 0x00000000fd980000, 0x0000000100000000)
  eden space 473088K, 100% used [0x00000000d5580000,0x00000000f2380000,0x00000000f2380000)
  from space 89088K, 49% used [0x00000000f7880000,0x00000000fa3312a8,0x00000000fcf80000)
  to   space 87040K, 0% used [0x00000000f2380000,0x00000000f2380000,0x00000000f7880000)
 ParOldGen       total 377856K, used 228285K [0x0000000080000000, 0x0000000097100000, 0x00000000d5580000)
  object space 377856K, 60% used [0x0000000080000000,0x000000008deef428,0x0000000097100000)
 Metaspace       used 99420K, capacity 104692K, committed 104872K, reserved 1140736K
  class space    used 13138K, capacity 14222K, committed 14256K, reserved 1048576K
Event: 159.412 GC heap after
Heap after GC invocations=23 (full 4):
 PSYoungGen      total 560128K, used 22446K [0x00000000d5580000, 0x00000000ff800000, 0x0000000100000000)
  eden space 473088K, 0% used [0x00000000d5580000,0x00000000d5580000,0x00000000f2380000)
  from space 87040K, 25% used [0x00000000f2380000,0x00000000f396b960,0x00000000f7880000)
  to   space 83968K, 0% used [0x00000000fa600000,0x00000000fa600000,0x00000000ff800000)
 ParOldGen       total 377856K, used 254844K [0x0000000080000000, 0x0000000097100000, 0x00000000d5580000)
  object space 377856K, 67% used [0x0000000080000000,0x000000008f8df0a0,0x0000000097100000)
 Metaspace       used 99420K, capacity 104692K, committed 104872K, reserved 1140736K
  class space    used 13138K, capacity 14222K, committed 14256K, reserved 1048576K
}
Event: 162.709 GC heap before
{Heap before GC invocations=24 (full 4):
 PSYoungGen      total 560128K, used 495534K [0x00000000d5580000, 0x00000000ff800000, 0x0000000100000000)
  eden space 473088K, 100% used [0x00000000d5580000,0x00000000f2380000,0x00000000f2380000)
  from space 87040K, 25% used [0x00000000f2380000,0x00000000f396b960,0x00000000f7880000)
  to   space 83968K, 0% used [0x00000000fa600000,0x00000000fa600000,0x00000000ff800000)
 ParOldGen       total 377856K, used 254844K [0x0000000080000000, 0x0000000097100000, 0x00000000d5580000)
  object space 377856K, 67% used [0x0000000080000000,0x000000008f8df0a0,0x0000000097100000)
 Metaspace       used 99476K, capacity 104764K, committed 104872K, reserved 1140736K
  class space    used 13141K, capacity 14222K, committed 14256K, reserved 1048576K
Event: 162.796 GC heap after
Heap after GC invocations=24 (full 4):
 PSYoungGen      total 607744K, used 9332K [0x00000000d5580000, 0x00000000ffb00000, 0x0000000100000000)
  eden space 523776K, 0% used [0x00000000d5580000,0x00000000d5580000,0x00000000f5500000)
  from space 83968K, 11% used [0x00000000fa600000,0x00000000faf1d358,0x00000000ff800000)
  to   space 82944K, 0% used [0x00000000f5500000,0x00000000f5500000,0x00000000fa600000)
 ParOldGen       total 377856K, used 273325K [0x0000000080000000, 0x0000000097100000, 0x00000000d5580000)
  object space 377856K, 72% used [0x0000000080000000,0x0000000090aeb7b8,0x0000000097100000)
 Metaspace       used 99476K, capacity 104764K, committed 104872K, reserved 1140736K
  class space    used 13141K, capacity 14222K, committed 14256K, reserved 1048576K
}
Event: 167.133 GC heap before
{Heap before GC invocations=25 (full 4):
 PSYoungGen      total 607744K, used 533108K [0x00000000d5580000, 0x00000000ffb00000, 0x0000000100000000)
  eden space 523776K, 100% used [0x00000000d5580000,0x00000000f5500000,0x00000000f5500000)
  from space 83968K, 11% used [0x00000000fa600000,0x00000000faf1d358,0x00000000ff800000)
  to   space 82944K, 0% used [0x00000000f5500000,0x00000000f5500000,0x00000000fa600000)
 ParOldGen       total 377856K, used 273325K [0x0000000080000000, 0x0000000097100000, 0x00000000d5580000)
  object space 377856K, 72% used [0x0000000080000000,0x0000000090aeb7b8,0x0000000097100000)
 Metaspace       used 99573K, capacity 104834K, committed 104872K, reserved 1140736K
  class space    used 13141K, capacity 14223K, committed 14256K, reserved 1048576K
Event: 167.197 GC heap after
Heap after GC invocations=25 (full 4):
 PSYoungGen      total 606720K, used 10037K [0x00000000d5580000, 0x00000000ffc00000, 0x0000000100000000)
  eden space 523776K, 0% used [0x00000000d5580000,0x00000000d5580000,0x00000000f5500000)
  from space 82944K, 12% used [0x00000000f5500000,0x00000000f5ecd458,0x00000000fa600000)
  to   space 81408K, 0% used [0x00000000fac80000,0x00000000fac80000,0x00000000ffc00000)
 ParOldGen       total 377856K, used 280459K [0x0000000080000000, 0x0000000097100000, 0x00000000d5580000)
  object space 377856K, 74% used [0x0000000080000000,0x00000000911e2cd8,0x0000000097100000)
 Metaspace       used 99573K, capacity 104834K, committed 104872K, reserved 1140736K
  class space    used 13141K, capacity 14223K, committed 14256K, reserved 1048576K
}
Event: 171.131 GC heap before
{Heap before GC invocations=26 (full 4):
 PSYoungGen      total 606720K, used 533813K [0x00000000d5580000, 0x00000000ffc00000, 0x0000000100000000)
  eden space 523776K, 100% used [0x00000000d5580000,0x00000000f5500000,0x00000000f5500000)
  from space 82944K, 12% used [0x00000000f5500000,0x00000000f5ecd458,0x00000000fa600000)
  to   space 81408K, 0% used [0x00000000fac80000,0x00000000fac80000,0x00000000ffc00000)
 ParOldGen       total 377856K, used 280459K [0x0000000080000000, 0x0000000097100000, 0x00000000d5580000)
  object space 377856K, 74% used [0x0000000080000000,0x00000000911e2cd8,0x0000000097100000)
 Metaspace       used 99752K, capacity 105012K, committed 105128K, reserved 1140736K
  class space    used 13165K, capacity 14232K, committed 14256K, reserved 1048576K
Event: 171.352 GC heap after
Heap after GC invocations=26 (full 4):
 PSYoungGen      total 609280K, used 23733K [0x00000000d5580000, 0x00000000ff580000, 0x0000000100000000)
  eden space 534528K, 0% used [0x00000000d5580000,0x00000000d5580000,0x00000000f5f80000)
  from space 74752K, 31% used [0x00000000fac80000,0x00000000fc3ad630,0x00000000ff580000)
  to   space 76800K, 0% used [0x00000000f5f80000,0x00000000f5f80000,0x00000000faa80000)
 ParOldGen       total 377856K, used 288434K [0x0000000080000000, 0x0000000097100000, 0x00000000d5580000)
  object space 377856K, 76% used [0x0000000080000000,0x00000000919ac9b8,0x0000000097100000)
 Metaspace       used 99752K, capacity 105012K, committed 105128K, reserved 1140736K
  class space    used 13165K, capacity 14232K, committed 14256K, reserved 1048576K
}

