# JRE version: OpenJDK Runtime Environment (8.0_242-b01) (build 1.8.0_242-release-1644-b01)
# Java VM: OpenJDK 64-Bit Server VM (25.242-b01 mixed mode windows-amd64 compressed oops)
Heap:
 PSYoungGen      total 641024K, used 231315K [0x00000000d5580000, 0x00000000ffc00000, 0x0000000100000000)
  eden space 588288K, 38% used [0x00000000d5580000,0x00000000e324a240,0x00000000f9400000)
  from space 52736K, 9% used [0x00000000fc880000,0x00000000fcd9ac90,0x00000000ffc00000)
  to   space 53248K, 0% used [0x00000000f9400000,0x00000000f9400000,0x00000000fc800000)
 ParOldGen       total 312320K, used 211406K [0x0000000080000000, 0x0000000093100000, 0x00000000d5580000)
  object space 312320K, 67% used [0x0000000080000000,0x000000008ce73988,0x0000000093100000)
 Metaspace       used 135951K, capacity 141964K, committed 145240K, reserved 1175552K
  class space    used 17358K, capacity 18551K, committed 19328K, reserved 1048576K
GC Heap History (10 events):
Event: 5976.960 GC heap before
{Heap before GC invocations=45 (full 5):
 PSYoungGen      total 630784K, used 579264K [0x00000000d5580000, 0x00000000ffd80000, 0x0000000100000000)
  eden space 569856K, 100% used [0x00000000d5580000,0x00000000f8200000,0x00000000f8200000)
  from space 60928K, 15% used [0x00000000f8200000,0x00000000f8b30000,0x00000000fbd80000)
  to   space 59904K, 0% used [0x00000000fc300000,0x00000000fc300000,0x00000000ffd80000)
 ParOldGen       total 312320K, used 188097K [0x0000000080000000, 0x0000000093100000, 0x00000000d5580000)
  object space 312320K, 60% used [0x0000000080000000,0x000000008b7b0798,0x0000000093100000)
 Metaspace       used 135856K, capacity 141860K, committed 145240K, reserved 1175552K
  class space    used 17354K, capacity 18519K, committed 19328K, reserved 1048576K
Event: 5977.004 GC heap after
Heap after GC invocations=45 (full 5):
 PSYoungGen      total 636928K, used 4448K [0x00000000d5580000, 0x00000000ffe00000, 0x0000000100000000)
  eden space 577024K, 0% used [0x00000000d5580000,0x00000000d5580000,0x00000000f8900000)
  from space 59904K, 7% used [0x00000000fc300000,0x00000000fc758010,0x00000000ffd80000)
  to   space 59392K, 0% used [0x00000000f8900000,0x00000000f8900000,0x00000000fc300000)
 ParOldGen       total 312320K, used 196490K [0x0000000080000000, 0x0000000093100000, 0x00000000d5580000)
  object space 312320K, 62% used [0x0000000080000000,0x000000008bfe28e8,0x0000000093100000)
 Metaspace       used 135856K, capacity 141860K, committed 145240K, reserved 1175552K
  class space    used 17354K, capacity 18519K, committed 19328K, reserved 1048576K
}
Event: 5980.336 GC heap before
{Heap before GC invocations=46 (full 5):
 PSYoungGen      total 636928K, used 581472K [0x00000000d5580000, 0x00000000ffe00000, 0x0000000100000000)
  eden space 577024K, 100% used [0x00000000d5580000,0x00000000f8900000,0x00000000f8900000)
  from space 59904K, 7% used [0x00000000fc300000,0x00000000fc758010,0x00000000ffd80000)
  to   space 59392K, 0% used [0x00000000f8900000,0x00000000f8900000,0x00000000fc300000)
 ParOldGen       total 312320K, used 196490K [0x0000000080000000, 0x0000000093100000, 0x00000000d5580000)
  object space 312320K, 62% used [0x0000000080000000,0x000000008bfe28e8,0x0000000093100000)
 Metaspace       used 135868K, capacity 141892K, committed 145240K, reserved 1175552K
  class space    used 17355K, capacity 18551K, committed 19328K, reserved 1048576K
Event: 5980.399 GC heap after
Heap after GC invocations=46 (full 5):
 PSYoungGen      total 636416K, used 6970K [0x00000000d5580000, 0x00000000ffc80000, 0x0000000100000000)
  eden space 577024K, 0% used [0x00000000d5580000,0x00000000d5580000,0x00000000f8900000)
  from space 59392K, 11% used [0x00000000f8900000,0x00000000f8fcea20,0x00000000fc300000)
  to   space 57856K, 0% used [0x00000000fc400000,0x00000000fc400000,0x00000000ffc80000)
 ParOldGen       total 312320K, used 199914K [0x0000000080000000, 0x0000000093100000, 0x00000000d5580000)
  object space 312320K, 64% used [0x0000000080000000,0x000000008c33a958,0x0000000093100000)
 Metaspace       used 135868K, capacity 141892K, committed 145240K, reserved 1175552K
  class space    used 17355K, capacity 18551K, committed 19328K, reserved 1048576K
}
Event: 5984.000 GC heap before
{Heap before GC invocations=47 (full 5):
 PSYoungGen      total 636416K, used 583994K [0x00000000d5580000, 0x00000000ffc80000, 0x0000000100000000)
  eden space 577024K, 100% used [0x00000000d5580000,0x00000000f8900000,0x00000000f8900000)
  from space 59392K, 11% used [0x00000000f8900000,0x00000000f8fcea20,0x00000000fc300000)
  to   space 57856K, 0% used [0x00000000fc400000,0x00000000fc400000,0x00000000ffc80000)
 ParOldGen       total 312320K, used 199914K [0x0000000080000000, 0x0000000093100000, 0x00000000d5580000)
  object space 312320K, 64% used [0x0000000080000000,0x000000008c33a958,0x0000000093100000)
 Metaspace       used 135891K, capacity 141956K, committed 145240K, reserved 1175552K
  class space    used 17355K, capacity 18551K, committed 19328K, reserved 1048576K
Event: 5984.069 GC heap after
Heap after GC invocations=47 (full 5):
 PSYoungGen      total 637440K, used 9480K [0x00000000d5580000, 0x00000000ffa80000, 0x0000000100000000)
  eden space 581632K, 0% used [0x00000000d5580000,0x00000000d5580000,0x00000000f8d80000)
  from space 55808K, 16% used [0x00000000fc400000,0x00000000fcd42328,0x00000000ffa80000)
  to   space 55808K, 0% used [0x00000000f8d80000,0x00000000f8d80000,0x00000000fc400000)
 ParOldGen       total 312320K, used 203095K [0x0000000080000000, 0x0000000093100000, 0x00000000d5580000)
  object space 312320K, 65% used [0x0000000080000000,0x000000008c655ec8,0x0000000093100000)
 Metaspace       used 135891K, capacity 141956K, committed 145240K, reserved 1175552K
  class space    used 17355K, capacity 18551K, committed 19328K, reserved 1048576K
}
Event: 5989.991 GC heap before
{Heap before GC invocations=48 (full 5):
 PSYoungGen      total 637440K, used 591108K [0x00000000d5580000, 0x00000000ffa80000, 0x0000000100000000)
  eden space 581632K, 99% used [0x00000000d5580000,0x00000000f8d7f0c8,0x00000000f8d80000)
  from space 55808K, 16% used [0x00000000fc400000,0x00000000fcd42328,0x00000000ffa80000)
  to   space 55808K, 0% used [0x00000000f8d80000,0x00000000f8d80000,0x00000000fc400000)
 ParOldGen       total 312320K, used 203095K [0x0000000080000000, 0x0000000093100000, 0x00000000d5580000)
  object space 312320K, 65% used [0x0000000080000000,0x000000008c655ec8,0x0000000093100000)
 Metaspace       used 135897K, capacity 141960K, committed 145240K, reserved 1175552K
  class space    used 17355K, capacity 18551K, committed 19328K, reserved 1048576K
Event: 5990.034 GC heap after
Heap after GC invocations=48 (full 5):
 PSYoungGen      total 637440K, used 4041K [0x00000000d5580000, 0x00000000ffe00000, 0x0000000100000000)
  eden space 581632K, 0% used [0x00000000d5580000,0x00000000d5580000,0x00000000f8d80000)
  from space 55808K, 7% used [0x00000000f8d80000,0x00000000f9172760,0x00000000fc400000)
  to   space 54784K, 0% used [0x00000000fc880000,0x00000000fc880000,0x00000000ffe00000)
 ParOldGen       total 312320K, used 210806K [0x0000000080000000, 0x0000000093100000, 0x00000000d5580000)
  object space 312320K, 67% used [0x0000000080000000,0x000000008cddd928,0x0000000093100000)
 Metaspace       used 135897K, capacity 141960K, committed 145240K, reserved 1175552K
  class space    used 17355K, capacity 18551K, committed 19328K, reserved 1048576K
}
Event: 5995.259 GC heap before
{Heap before GC invocations=49 (full 5):
 PSYoungGen      total 637440K, used 585673K [0x00000000d5580000, 0x00000000ffe00000, 0x0000000100000000)
  eden space 581632K, 100% used [0x00000000d5580000,0x00000000f8d80000,0x00000000f8d80000)
  from space 55808K, 7% used [0x00000000f8d80000,0x00000000f9172760,0x00000000fc400000)
  to   space 54784K, 0% used [0x00000000fc880000,0x00000000fc880000,0x00000000ffe00000)
 ParOldGen       total 312320K, used 210806K [0x0000000080000000, 0x0000000093100000, 0x00000000d5580000)
  object space 312320K, 67% used [0x0000000080000000,0x000000008cddd928,0x0000000093100000)
 Metaspace       used 135927K, capacity 141964K, committed 145240K, reserved 1175552K
  class space    used 17357K, capacity 18551K, committed 19328K, reserved 1048576K
Event: 5995.291 GC heap after
Heap after GC invocations=49 (full 5):
 PSYoungGen      total 641024K, used 5227K [0x00000000d5580000, 0x00000000ffc00000, 0x0000000100000000)
  eden space 588288K, 0% used [0x00000000d5580000,0x00000000d5580000,0x00000000f9400000)
  from space 52736K, 9% used [0x00000000fc880000,0x00000000fcd9ac90,0x00000000ffc00000)
  to   space 53248K, 0% used [0x00000000f9400000,0x00000000f9400000,0x00000000fc800000)
 ParOldGen       total 312320K, used 211406K [0x0000000080000000, 0x0000000093100000, 0x00000000d5580000)
  object space 312320K, 67% used [0x0000000080000000,0x000000008ce73988,0x0000000093100000)
 Metaspace       used 135927K, capacity 141964K, committed 145240K, reserved 1175552K
  class space    used 17357K, capacity 18551K, committed 19328K, reserved 1048576K
}

